[2025-07-24T19:12:33.485+0000] {taskinstance.py:1956} INFO - Dependencies all met for dep_context=non-requeueable deps ti=<TaskInstance: tunestream_full_etl_dag.load_user_dim_table manual__2025-07-24T19:12:14.958086+00:00 [queued]>
[2025-07-24T19:12:33.524+0000] {taskinstance.py:1956} INFO - Dependencies all met for dep_context=requeueable deps ti=<TaskInstance: tunestream_full_etl_dag.load_user_dim_table manual__2025-07-24T19:12:14.958086+00:00 [queued]>
[2025-07-24T19:12:33.532+0000] {taskinstance.py:2170} INFO - Starting attempt 1 of 4
[2025-07-24T19:12:33.635+0000] {taskinstance.py:2191} INFO - Executing <Task(_PythonDecoratedOperator): load_user_dim_table> on 2025-07-24 19:12:14.958086+00:00
[2025-07-24T19:12:33.705+0000] {standard_task_runner.py:60} INFO - Started process 2596 to run task
[2025-07-24T19:12:33.711+0000] {standard_task_runner.py:87} INFO - Running: ['***', 'tasks', 'run', 'tunestream_full_etl_dag', 'load_user_dim_table', 'manual__2025-07-24T19:12:14.958086+00:00', '--job-id', '147', '--raw', '--subdir', 'DAGS_FOLDER/step12345.py', '--cfg-path', '/tmp/tmp4771y4pe']
[2025-07-24T19:12:33.783+0000] {standard_task_runner.py:88} INFO - Job 147: Subtask load_user_dim_table
[2025-07-24T19:12:36.330+0000] {task_command.py:423} INFO - Running <TaskInstance: tunestream_full_etl_dag.load_user_dim_table manual__2025-07-24T19:12:14.958086+00:00 [running]> on host 737498b59352
[2025-07-24T19:12:36.909+0000] {taskinstance.py:2480} INFO - Exporting env vars: AIRFLOW_CTX_DAG_OWNER='***' AIRFLOW_CTX_DAG_ID='tunestream_full_etl_dag' AIRFLOW_CTX_TASK_ID='load_user_dim_table' AIRFLOW_CTX_EXECUTION_DATE='2025-07-24T19:12:14.958086+00:00' AIRFLOW_CTX_TRY_NUMBER='1' AIRFLOW_CTX_DAG_RUN_ID='manual__2025-07-24T19:12:14.958086+00:00'
[2025-07-24T19:12:36.912+0000] {logging_mixin.py:188} INFO - Executing transformation for table: users
[2025-07-24T19:12:36.971+0000] {base.py:83} INFO - Using connection ID 'postgres_local' for task execution.
[2025-07-24T19:12:36.997+0000] {sql.py:450} INFO - Running statement: TRUNCATE TABLE users; INSERT INTO users SELECT userid, firstname, lastname, gender, level
FROM (
    SELECT 
        userid, 
        firstname, 
        lastname, 
        gender, 
        level,
        ROW_NUMBER() OVER(PARTITION BY userid ORDER BY ts DESC) as rn
    FROM staging_events
    WHERE page='NextSong' AND userid IS NOT NULL
) AS ranked_users
WHERE rn = 1, parameters: None
[2025-07-24T19:12:37.086+0000] {sql.py:459} INFO - Rows affected: 96
[2025-07-24T19:12:37.091+0000] {logging_mixin.py:188} INFO - Successfully loaded data into users.
[2025-07-24T19:12:37.092+0000] {python.py:201} INFO - Done. Returned value was: None
[2025-07-24T19:12:37.173+0000] {taskinstance.py:1138} INFO - Marking task as SUCCESS. dag_id=tunestream_full_etl_dag, task_id=load_user_dim_table, execution_date=20250724T191214, start_date=20250724T191233, end_date=20250724T191237
[2025-07-24T19:12:37.325+0000] {local_task_job_runner.py:234} INFO - Task exited with return code 0
[2025-07-24T19:12:37.650+0000] {taskinstance.py:3280} INFO - 0 downstream tasks scheduled from follow-on schedule check
