[2025-07-24T19:11:09.414+0000] {taskinstance.py:1956} INFO - Dependencies all met for dep_context=non-requeueable deps ti=<TaskInstance: tunestream_full_etl_dag.Run_data_quality_checks manual__2025-07-24T18:40:08.391579+00:00 [queued]>
[2025-07-24T19:11:09.449+0000] {taskinstance.py:1956} INFO - Dependencies all met for dep_context=requeueable deps ti=<TaskInstance: tunestream_full_etl_dag.Run_data_quality_checks manual__2025-07-24T18:40:08.391579+00:00 [queued]>
[2025-07-24T19:11:09.451+0000] {taskinstance.py:2170} INFO - Starting attempt 4 of 4
[2025-07-24T19:11:09.503+0000] {taskinstance.py:2191} INFO - Executing <Task(_PythonDecoratedOperator): Run_data_quality_checks> on 2025-07-24 18:40:08.391579+00:00
[2025-07-24T19:11:09.523+0000] {standard_task_runner.py:60} INFO - Started process 2552 to run task
[2025-07-24T19:11:09.531+0000] {standard_task_runner.py:87} INFO - Running: ['***', 'tasks', 'run', 'tunestream_full_etl_dag', 'Run_data_quality_checks', 'manual__2025-07-24T18:40:08.391579+00:00', '--job-id', '142', '--raw', '--subdir', 'DAGS_FOLDER/step12345.py', '--cfg-path', '/tmp/tmpu0ulbh71']
[2025-07-24T19:11:09.536+0000] {standard_task_runner.py:88} INFO - Job 142: Subtask Run_data_quality_checks
[2025-07-24T19:11:09.674+0000] {task_command.py:423} INFO - Running <TaskInstance: tunestream_full_etl_dag.Run_data_quality_checks manual__2025-07-24T18:40:08.391579+00:00 [running]> on host 737498b59352
[2025-07-24T19:11:09.882+0000] {taskinstance.py:2480} INFO - Exporting env vars: AIRFLOW_CTX_DAG_OWNER='***' AIRFLOW_CTX_DAG_ID='tunestream_full_etl_dag' AIRFLOW_CTX_TASK_ID='Run_data_quality_checks' AIRFLOW_CTX_EXECUTION_DATE='2025-07-24T18:40:08.391579+00:00' AIRFLOW_CTX_TRY_NUMBER='4' AIRFLOW_CTX_DAG_RUN_ID='manual__2025-07-24T18:40:08.391579+00:00'
[2025-07-24T19:11:09.888+0000] {logging_mixin.py:188} INFO - check: select COUNT(*) as null_rows from ***.artists where artistid is null or name is null or location is null or lattitude is null or longitude is null
[2025-07-24T19:11:09.919+0000] {base.py:83} INFO - Using connection ID 'postgres_local' for task execution.
[2025-07-24T19:11:09.924+0000] {sql.py:450} INFO - Running statement: select COUNT(*) as null_rows from ***.artists where artistid is null or name is null or location is null or lattitude is null or longitude is null, parameters: None
[2025-07-24T19:11:09.926+0000] {sql.py:459} INFO - Rows affected: 1
[2025-07-24T19:11:09.927+0000] {logging_mixin.py:188} INFO - check: SELECT COUNT(*) FROM songs WHERE songid IS NULL or title is null or artistid is null or year is null or duration is null 
[2025-07-24T19:11:09.943+0000] {base.py:83} INFO - Using connection ID 'postgres_local' for task execution.
[2025-07-24T19:11:09.957+0000] {sql.py:450} INFO - Running statement: SELECT COUNT(*) FROM songs WHERE songid IS NULL or title is null or artistid is null or year is null or duration is null , parameters: None
[2025-07-24T19:11:09.958+0000] {sql.py:459} INFO - Rows affected: 1
[2025-07-24T19:11:09.961+0000] {logging_mixin.py:188} INFO - check: select COUNT(*) as null_rows from ***.songplays where playid is null or start_time is null or userid is null or level is null or songid is null or artistid is null or sessionid is null or location is null or user_agent is null
[2025-07-24T19:11:09.988+0000] {base.py:83} INFO - Using connection ID 'postgres_local' for task execution.
[2025-07-24T19:11:10.002+0000] {sql.py:450} INFO - Running statement: select COUNT(*) as null_rows from ***.songplays where playid is null or start_time is null or userid is null or level is null or songid is null or artistid is null or sessionid is null or location is null or user_agent is null, parameters: None
[2025-07-24T19:11:10.005+0000] {sql.py:459} INFO - Rows affected: 1
[2025-07-24T19:11:10.006+0000] {logging_mixin.py:188} INFO - check: select count(*) as null_rows from ***."time" where start_time is null or hour is null or day is null or week is null or month is null or year is null or weekday is null
[2025-07-24T19:11:10.024+0000] {base.py:83} INFO - Using connection ID 'postgres_local' for task execution.
[2025-07-24T19:11:10.028+0000] {sql.py:450} INFO - Running statement: select count(*) as null_rows from ***."time" where start_time is null or hour is null or day is null or week is null or month is null or year is null or weekday is null, parameters: None
[2025-07-24T19:11:10.031+0000] {sql.py:459} INFO - Rows affected: 1
[2025-07-24T19:11:10.033+0000] {logging_mixin.py:188} INFO - check: select count(*) as null_rows from ***.users where userid is null or first_name is null or last_name is null or gender is null or level is null
[2025-07-24T19:11:10.045+0000] {base.py:83} INFO - Using connection ID 'postgres_local' for task execution.
[2025-07-24T19:11:10.050+0000] {sql.py:450} INFO - Running statement: select count(*) as null_rows from ***.users where userid is null or first_name is null or last_name is null or gender is null or level is null, parameters: None
[2025-07-24T19:11:10.054+0000] {sql.py:459} INFO - Rows affected: 1
[2025-07-24T19:11:10.057+0000] {logging_mixin.py:188} INFO - check: select COUNT(*) from (select userid, COUNT(*) from users group by userid having COUNT(*) > 1) as duplicates
[2025-07-24T19:11:10.078+0000] {base.py:83} INFO - Using connection ID 'postgres_local' for task execution.
[2025-07-24T19:11:10.084+0000] {sql.py:450} INFO - Running statement: select COUNT(*) from (select userid, COUNT(*) from users group by userid having COUNT(*) > 1) as duplicates, parameters: None
[2025-07-24T19:11:10.092+0000] {sql.py:459} INFO - Rows affected: 1
[2025-07-24T19:11:10.095+0000] {logging_mixin.py:188} INFO - check: select COUNT(*) from (select songid, COUNT(*) from songs group by song_id having COUNT(*) > 1) as duplicates
[2025-07-24T19:11:10.104+0000] {base.py:83} INFO - Using connection ID 'postgres_local' for task execution.
[2025-07-24T19:11:10.110+0000] {sql.py:450} INFO - Running statement: select COUNT(*) from (select songid, COUNT(*) from songs group by song_id having COUNT(*) > 1) as duplicates, parameters: None
[2025-07-24T19:11:10.121+0000] {taskinstance.py:2698} ERROR - Task failed with exception
Traceback (most recent call last):
  File "/home/airflow/.local/lib/python3.8/site-packages/airflow/models/taskinstance.py", line 433, in _execute_task
    result = execute_callable(context=context, **execute_callable_kwargs)
  File "/home/airflow/.local/lib/python3.8/site-packages/airflow/decorators/base.py", line 241, in execute
    return_value = super().execute(context)
  File "/home/airflow/.local/lib/python3.8/site-packages/airflow/operators/python.py", line 199, in execute
    return_value = self.execute_callable()
  File "/home/airflow/.local/lib/python3.8/site-packages/airflow/operators/python.py", line 216, in execute_callable
    return self.python_callable(*self.op_args, **self.op_kwargs)
  File "/opt/airflow/dags/step12345.py", line 259, in Run_data_quality_checks
    records = postgres_hook.get_records(sql)
  File "/home/airflow/.local/lib/python3.8/site-packages/airflow/providers/common/sql/hooks/sql.py", line 261, in get_records
    return self.run(sql=sql, parameters=parameters, handler=fetch_all_handler)
  File "/home/airflow/.local/lib/python3.8/site-packages/airflow/providers/common/sql/hooks/sql.py", line 398, in run
    self._run_command(cur, sql_statement, parameters)
  File "/home/airflow/.local/lib/python3.8/site-packages/airflow/providers/common/sql/hooks/sql.py", line 455, in _run_command
    cur.execute(sql_statement)
psycopg2.errors.UndefinedColumn: column "song_id" does not exist
LINE 1: ...from (select songid, COUNT(*) from songs group by song_id ha...
                                                             ^
HINT:  Perhaps you meant to reference the column "songs.songid".

[2025-07-24T19:11:10.168+0000] {taskinstance.py:1138} INFO - Marking task as FAILED. dag_id=tunestream_full_etl_dag, task_id=Run_data_quality_checks, execution_date=20250724T184008, start_date=20250724T191109, end_date=20250724T191110
[2025-07-24T19:11:10.221+0000] {standard_task_runner.py:107} ERROR - Failed to execute job 142 for task Run_data_quality_checks (column "song_id" does not exist
LINE 1: ...from (select songid, COUNT(*) from songs group by song_id ha...
                                                             ^
HINT:  Perhaps you meant to reference the column "songs.songid".
; 2552)
[2025-07-24T19:11:10.284+0000] {local_task_job_runner.py:234} INFO - Task exited with return code 1
[2025-07-24T19:11:10.316+0000] {taskinstance.py:3280} INFO - 0 downstream tasks scheduled from follow-on schedule check
