[2025-07-24T19:22:35.613+0000] {taskinstance.py:1956} INFO - Dependencies all met for dep_context=non-requeueable deps ti=<TaskInstance: tunestream_full_etl_dag.Run_data_quality_checks manual__2025-07-24T19:16:59.317059+00:00 [queued]>
[2025-07-24T19:22:35.627+0000] {taskinstance.py:1956} INFO - Dependencies all met for dep_context=requeueable deps ti=<TaskInstance: tunestream_full_etl_dag.Run_data_quality_checks manual__2025-07-24T19:16:59.317059+00:00 [queued]>
[2025-07-24T19:22:35.628+0000] {taskinstance.py:2170} INFO - Starting attempt 2 of 4
[2025-07-24T19:22:35.646+0000] {taskinstance.py:2191} INFO - Executing <Task(_PythonDecoratedOperator): Run_data_quality_checks> on 2025-07-24 19:16:59.317059+00:00
[2025-07-24T19:22:35.659+0000] {standard_task_runner.py:60} INFO - Started process 2776 to run task
[2025-07-24T19:22:35.667+0000] {standard_task_runner.py:87} INFO - Running: ['***', 'tasks', 'run', 'tunestream_full_etl_dag', 'Run_data_quality_checks', 'manual__2025-07-24T19:16:59.317059+00:00', '--job-id', '164', '--raw', '--subdir', 'DAGS_FOLDER/step12345.py', '--cfg-path', '/tmp/tmps3bk2u6n']
[2025-07-24T19:22:35.682+0000] {standard_task_runner.py:88} INFO - Job 164: Subtask Run_data_quality_checks
[2025-07-24T19:22:35.859+0000] {task_command.py:423} INFO - Running <TaskInstance: tunestream_full_etl_dag.Run_data_quality_checks manual__2025-07-24T19:16:59.317059+00:00 [running]> on host 737498b59352
[2025-07-24T19:22:36.029+0000] {taskinstance.py:2480} INFO - Exporting env vars: AIRFLOW_CTX_DAG_OWNER='***' AIRFLOW_CTX_DAG_ID='tunestream_full_etl_dag' AIRFLOW_CTX_TASK_ID='Run_data_quality_checks' AIRFLOW_CTX_EXECUTION_DATE='2025-07-24T19:16:59.317059+00:00' AIRFLOW_CTX_TRY_NUMBER='2' AIRFLOW_CTX_DAG_RUN_ID='manual__2025-07-24T19:16:59.317059+00:00'
[2025-07-24T19:22:36.032+0000] {logging_mixin.py:188} INFO - check: select COUNT(*) as null_rows from ***.artists where artistid is null or name is null or location is null or lattitude is null or longitude is null
[2025-07-24T19:22:36.048+0000] {base.py:83} INFO - Using connection ID 'postgres_local' for task execution.
[2025-07-24T19:22:36.052+0000] {sql.py:450} INFO - Running statement: select COUNT(*) as null_rows from ***.artists where artistid is null or name is null or location is null or lattitude is null or longitude is null, parameters: None
[2025-07-24T19:22:36.056+0000] {sql.py:459} INFO - Rows affected: 1
[2025-07-24T19:22:36.057+0000] {logging_mixin.py:188} INFO - check: SELECT COUNT(*) FROM songs WHERE songid IS NULL or title is null or artistid is null or year is null or duration is null 
[2025-07-24T19:22:36.064+0000] {base.py:83} INFO - Using connection ID 'postgres_local' for task execution.
[2025-07-24T19:22:36.069+0000] {sql.py:450} INFO - Running statement: SELECT COUNT(*) FROM songs WHERE songid IS NULL or title is null or artistid is null or year is null or duration is null , parameters: None
[2025-07-24T19:22:36.073+0000] {sql.py:459} INFO - Rows affected: 1
[2025-07-24T19:22:36.074+0000] {logging_mixin.py:188} INFO - check: select COUNT(*) as null_rows from ***.songplays where playid is null or start_time is null or userid is null or level is null or songid is null or artistid is null or sessionid is null or location is null or user_agent is null
[2025-07-24T19:22:36.080+0000] {base.py:83} INFO - Using connection ID 'postgres_local' for task execution.
[2025-07-24T19:22:36.085+0000] {sql.py:450} INFO - Running statement: select COUNT(*) as null_rows from ***.songplays where playid is null or start_time is null or userid is null or level is null or songid is null or artistid is null or sessionid is null or location is null or user_agent is null, parameters: None
[2025-07-24T19:22:36.111+0000] {sql.py:459} INFO - Rows affected: 1
[2025-07-24T19:22:36.112+0000] {logging_mixin.py:188} INFO - check: select count(*) as null_rows from ***."time" where start_time is null or hour is null or day is null or week is null or month is null or year is null or weekday is null
[2025-07-24T19:22:36.119+0000] {base.py:83} INFO - Using connection ID 'postgres_local' for task execution.
[2025-07-24T19:22:36.125+0000] {sql.py:450} INFO - Running statement: select count(*) as null_rows from ***."time" where start_time is null or hour is null or day is null or week is null or month is null or year is null or weekday is null, parameters: None
[2025-07-24T19:22:36.134+0000] {sql.py:459} INFO - Rows affected: 1
[2025-07-24T19:22:36.137+0000] {logging_mixin.py:188} INFO - check: select count(*) as null_rows from ***.users where userid is null or first_name is null or last_name is null or gender is null or level is null
[2025-07-24T19:22:36.156+0000] {base.py:83} INFO - Using connection ID 'postgres_local' for task execution.
[2025-07-24T19:22:36.161+0000] {sql.py:450} INFO - Running statement: select count(*) as null_rows from ***.users where userid is null or first_name is null or last_name is null or gender is null or level is null, parameters: None
[2025-07-24T19:22:36.163+0000] {sql.py:459} INFO - Rows affected: 1
[2025-07-24T19:22:36.164+0000] {logging_mixin.py:188} INFO - check: select COUNT(*) from (select userid, COUNT(*) from users group by userid having COUNT(*) > 1) as duplicates
[2025-07-24T19:22:36.173+0000] {base.py:83} INFO - Using connection ID 'postgres_local' for task execution.
[2025-07-24T19:22:36.177+0000] {sql.py:450} INFO - Running statement: select COUNT(*) from (select userid, COUNT(*) from users group by userid having COUNT(*) > 1) as duplicates, parameters: None
[2025-07-24T19:22:36.180+0000] {sql.py:459} INFO - Rows affected: 1
[2025-07-24T19:22:36.181+0000] {logging_mixin.py:188} INFO - check: select COUNT(*) from (select songid, COUNT(*) from songs group by songid having COUNT(*) > 1) as duplicates
[2025-07-24T19:22:36.189+0000] {base.py:83} INFO - Using connection ID 'postgres_local' for task execution.
[2025-07-24T19:22:36.195+0000] {sql.py:450} INFO - Running statement: select COUNT(*) from (select songid, COUNT(*) from songs group by songid having COUNT(*) > 1) as duplicates, parameters: None
[2025-07-24T19:22:36.198+0000] {sql.py:459} INFO - Rows affected: 1
[2025-07-24T19:22:36.200+0000] {logging_mixin.py:188} INFO - check: select COUNT(*) from (select artistid, COUNT(*) from artists group by artistid having COUNT(*) > 1) as duplicates
[2025-07-24T19:22:36.210+0000] {base.py:83} INFO - Using connection ID 'postgres_local' for task execution.
[2025-07-24T19:22:36.227+0000] {sql.py:450} INFO - Running statement: select COUNT(*) from (select artistid, COUNT(*) from artists group by artistid having COUNT(*) > 1) as duplicates, parameters: None
[2025-07-24T19:22:36.229+0000] {sql.py:459} INFO - Rows affected: 1
[2025-07-24T19:22:36.231+0000] {logging_mixin.py:188} INFO - PROBLEMS FOUND, REFER TO ABOVE ERROR MESSAGES. REQUEST IMMEDIATE ATTENTION 😨😨😨😨😨😱😱🥵🥵🥵
[2025-07-24T19:22:36.232+0000] {python.py:201} INFO - Done. Returned value was: None
[2025-07-24T19:22:36.246+0000] {taskinstance.py:1138} INFO - Marking task as SUCCESS. dag_id=tunestream_full_etl_dag, task_id=Run_data_quality_checks, execution_date=20250724T191659, start_date=20250724T192235, end_date=20250724T192236
[2025-07-24T19:22:36.320+0000] {local_task_job_runner.py:234} INFO - Task exited with return code 0
[2025-07-24T19:22:36.344+0000] {taskinstance.py:3280} INFO - 0 downstream tasks scheduled from follow-on schedule check
