[2025-07-24T19:12:39.008+0000] {taskinstance.py:1956} INFO - Dependencies all met for dep_context=non-requeueable deps ti=<TaskInstance: tunestream_full_etl_dag.Load_artist_dim_table manual__2025-07-24T19:12:14.958086+00:00 [queued]>
[2025-07-24T19:12:39.017+0000] {taskinstance.py:1956} INFO - Dependencies all met for dep_context=requeueable deps ti=<TaskInstance: tunestream_full_etl_dag.Load_artist_dim_table manual__2025-07-24T19:12:14.958086+00:00 [queued]>
[2025-07-24T19:12:39.017+0000] {taskinstance.py:2170} INFO - Starting attempt 1 of 4
[2025-07-24T19:12:39.050+0000] {taskinstance.py:2191} INFO - Executing <Task(_PythonDecoratedOperator): Load_artist_dim_table> on 2025-07-24 19:12:14.958086+00:00
[2025-07-24T19:12:39.060+0000] {standard_task_runner.py:60} INFO - Started process 2599 to run task
[2025-07-24T19:12:39.065+0000] {standard_task_runner.py:87} INFO - Running: ['***', 'tasks', 'run', 'tunestream_full_etl_dag', 'Load_artist_dim_table', 'manual__2025-07-24T19:12:14.958086+00:00', '--job-id', '150', '--raw', '--subdir', 'DAGS_FOLDER/step12345.py', '--cfg-path', '/tmp/tmpz4qc8i7t']
[2025-07-24T19:12:39.069+0000] {standard_task_runner.py:88} INFO - Job 150: Subtask Load_artist_dim_table
[2025-07-24T19:12:39.172+0000] {task_command.py:423} INFO - Running <TaskInstance: tunestream_full_etl_dag.Load_artist_dim_table manual__2025-07-24T19:12:14.958086+00:00 [running]> on host 737498b59352
[2025-07-24T19:12:39.270+0000] {taskinstance.py:2480} INFO - Exporting env vars: AIRFLOW_CTX_DAG_OWNER='***' AIRFLOW_CTX_DAG_ID='tunestream_full_etl_dag' AIRFLOW_CTX_TASK_ID='Load_artist_dim_table' AIRFLOW_CTX_EXECUTION_DATE='2025-07-24T19:12:14.958086+00:00' AIRFLOW_CTX_TRY_NUMBER='1' AIRFLOW_CTX_DAG_RUN_ID='manual__2025-07-24T19:12:14.958086+00:00'
[2025-07-24T19:12:39.274+0000] {logging_mixin.py:188} INFO - Executing transformation for table: artists
[2025-07-24T19:12:39.291+0000] {base.py:83} INFO - Using connection ID 'postgres_local' for task execution.
[2025-07-24T19:12:39.296+0000] {sql.py:450} INFO - Running statement: TRUNCATE TABLE artists; INSERT INTO artists 
        SELECT distinct artist_id, artist_name, artist_location, artist_latitude, artist_longitude
        FROM staging_songs
        WHERE artist_id IS NOT NULL
    , parameters: None
[2025-07-24T19:12:39.301+0000] {sql.py:459} INFO - Rows affected: 69
[2025-07-24T19:12:39.303+0000] {logging_mixin.py:188} INFO - Successfully loaded data into artists.
[2025-07-24T19:12:39.304+0000] {python.py:201} INFO - Done. Returned value was: None
[2025-07-24T19:12:39.315+0000] {taskinstance.py:1138} INFO - Marking task as SUCCESS. dag_id=tunestream_full_etl_dag, task_id=Load_artist_dim_table, execution_date=20250724T191214, start_date=20250724T191239, end_date=20250724T191239
[2025-07-24T19:12:39.374+0000] {local_task_job_runner.py:234} INFO - Task exited with return code 0
[2025-07-24T19:12:39.411+0000] {taskinstance.py:3280} INFO - 1 downstream tasks scheduled from follow-on schedule check
