[2025-07-24T19:13:11.633+0000] {taskinstance.py:1956} INFO - Dependencies all met for dep_context=non-requeueable deps ti=<TaskInstance: tunestream_full_etl_dag.Run_data_quality_checks manual__2025-07-24T18:46:57.904001+00:00 [queued]>
[2025-07-24T19:13:11.654+0000] {taskinstance.py:1956} INFO - Dependencies all met for dep_context=requeueable deps ti=<TaskInstance: tunestream_full_etl_dag.Run_data_quality_checks manual__2025-07-24T18:46:57.904001+00:00 [queued]>
[2025-07-24T19:13:11.655+0000] {taskinstance.py:2170} INFO - Starting attempt 4 of 4
[2025-07-24T19:13:11.671+0000] {taskinstance.py:2191} INFO - Executing <Task(_PythonDecoratedOperator): Run_data_quality_checks> on 2025-07-24 18:46:57.904001+00:00
[2025-07-24T19:13:11.679+0000] {standard_task_runner.py:60} INFO - Started process 2613 to run task
[2025-07-24T19:13:11.683+0000] {standard_task_runner.py:87} INFO - Running: ['***', 'tasks', 'run', 'tunestream_full_etl_dag', 'Run_data_quality_checks', 'manual__2025-07-24T18:46:57.904001+00:00', '--job-id', '152', '--raw', '--subdir', 'DAGS_FOLDER/step12345.py', '--cfg-path', '/tmp/tmpnrgufmzm']
[2025-07-24T19:13:11.686+0000] {standard_task_runner.py:88} INFO - Job 152: Subtask Run_data_quality_checks
[2025-07-24T19:13:11.739+0000] {task_command.py:423} INFO - Running <TaskInstance: tunestream_full_etl_dag.Run_data_quality_checks manual__2025-07-24T18:46:57.904001+00:00 [running]> on host 737498b59352
[2025-07-24T19:13:11.824+0000] {taskinstance.py:2480} INFO - Exporting env vars: AIRFLOW_CTX_DAG_OWNER='***' AIRFLOW_CTX_DAG_ID='tunestream_full_etl_dag' AIRFLOW_CTX_TASK_ID='Run_data_quality_checks' AIRFLOW_CTX_EXECUTION_DATE='2025-07-24T18:46:57.904001+00:00' AIRFLOW_CTX_TRY_NUMBER='4' AIRFLOW_CTX_DAG_RUN_ID='manual__2025-07-24T18:46:57.904001+00:00'
[2025-07-24T19:13:11.828+0000] {logging_mixin.py:188} INFO - check: select COUNT(*) as null_rows from ***.artists where artistid is null or name is null or location is null or lattitude is null or longitude is null
[2025-07-24T19:13:11.837+0000] {base.py:83} INFO - Using connection ID 'postgres_local' for task execution.
[2025-07-24T19:13:11.843+0000] {sql.py:450} INFO - Running statement: select COUNT(*) as null_rows from ***.artists where artistid is null or name is null or location is null or lattitude is null or longitude is null, parameters: None
[2025-07-24T19:13:11.845+0000] {sql.py:459} INFO - Rows affected: 1
[2025-07-24T19:13:11.846+0000] {logging_mixin.py:188} INFO - check: SELECT COUNT(*) FROM songs WHERE songid IS NULL or title is null or artistid is null or year is null or duration is null 
[2025-07-24T19:13:11.852+0000] {base.py:83} INFO - Using connection ID 'postgres_local' for task execution.
[2025-07-24T19:13:11.856+0000] {sql.py:450} INFO - Running statement: SELECT COUNT(*) FROM songs WHERE songid IS NULL or title is null or artistid is null or year is null or duration is null , parameters: None
[2025-07-24T19:13:11.858+0000] {sql.py:459} INFO - Rows affected: 1
[2025-07-24T19:13:11.860+0000] {logging_mixin.py:188} INFO - check: select COUNT(*) as null_rows from ***.songplays where playid is null or start_time is null or userid is null or level is null or songid is null or artistid is null or sessionid is null or location is null or user_agent is null
[2025-07-24T19:13:11.867+0000] {base.py:83} INFO - Using connection ID 'postgres_local' for task execution.
[2025-07-24T19:13:11.871+0000] {sql.py:450} INFO - Running statement: select COUNT(*) as null_rows from ***.songplays where playid is null or start_time is null or userid is null or level is null or songid is null or artistid is null or sessionid is null or location is null or user_agent is null, parameters: None
[2025-07-24T19:13:11.879+0000] {sql.py:459} INFO - Rows affected: 1
[2025-07-24T19:13:11.880+0000] {logging_mixin.py:188} INFO - check: select count(*) as null_rows from ***."time" where start_time is null or hour is null or day is null or week is null or month is null or year is null or weekday is null
[2025-07-24T19:13:11.886+0000] {base.py:83} INFO - Using connection ID 'postgres_local' for task execution.
[2025-07-24T19:13:11.890+0000] {sql.py:450} INFO - Running statement: select count(*) as null_rows from ***."time" where start_time is null or hour is null or day is null or week is null or month is null or year is null or weekday is null, parameters: None
[2025-07-24T19:13:11.893+0000] {sql.py:459} INFO - Rows affected: 1
[2025-07-24T19:13:11.894+0000] {logging_mixin.py:188} INFO - check: select count(*) as null_rows from ***.users where userid is null or first_name is null or last_name is null or gender is null or level is null
[2025-07-24T19:13:11.901+0000] {base.py:83} INFO - Using connection ID 'postgres_local' for task execution.
[2025-07-24T19:13:11.905+0000] {sql.py:450} INFO - Running statement: select count(*) as null_rows from ***.users where userid is null or first_name is null or last_name is null or gender is null or level is null, parameters: None
[2025-07-24T19:13:11.906+0000] {sql.py:459} INFO - Rows affected: 1
[2025-07-24T19:13:11.907+0000] {logging_mixin.py:188} INFO - check: select COUNT(*) from (select userid, COUNT(*) from users group by userid having COUNT(*) > 1) as duplicates
[2025-07-24T19:13:11.914+0000] {base.py:83} INFO - Using connection ID 'postgres_local' for task execution.
[2025-07-24T19:13:11.918+0000] {sql.py:450} INFO - Running statement: select COUNT(*) from (select userid, COUNT(*) from users group by userid having COUNT(*) > 1) as duplicates, parameters: None
[2025-07-24T19:13:11.920+0000] {sql.py:459} INFO - Rows affected: 1
[2025-07-24T19:13:11.921+0000] {logging_mixin.py:188} INFO - check: select COUNT(*) from (select songid, COUNT(*) from songs group by songid having COUNT(*) > 1) as duplicates
[2025-07-24T19:13:11.928+0000] {base.py:83} INFO - Using connection ID 'postgres_local' for task execution.
[2025-07-24T19:13:11.932+0000] {sql.py:450} INFO - Running statement: select COUNT(*) from (select songid, COUNT(*) from songs group by songid having COUNT(*) > 1) as duplicates, parameters: None
[2025-07-24T19:13:11.934+0000] {sql.py:459} INFO - Rows affected: 1
[2025-07-24T19:13:11.934+0000] {logging_mixin.py:188} INFO - check: select COUNT(*) from (select artistid, COUNT(*) from artists group by artistid having COUNT(*) > 1) as duplicates
[2025-07-24T19:13:11.941+0000] {base.py:83} INFO - Using connection ID 'postgres_local' for task execution.
[2025-07-24T19:13:11.946+0000] {sql.py:450} INFO - Running statement: select COUNT(*) from (select artistid, COUNT(*) from artists group by artistid having COUNT(*) > 1) as duplicates, parameters: None
[2025-07-24T19:13:11.948+0000] {sql.py:459} INFO - Rows affected: 1
[2025-07-24T19:13:11.949+0000] {taskinstance.py:2698} ERROR - Task failed with exception
Traceback (most recent call last):
  File "/home/airflow/.local/lib/python3.8/site-packages/airflow/models/taskinstance.py", line 433, in _execute_task
    result = execute_callable(context=context, **execute_callable_kwargs)
  File "/home/airflow/.local/lib/python3.8/site-packages/airflow/decorators/base.py", line 241, in execute
    return_value = super().execute(context)
  File "/home/airflow/.local/lib/python3.8/site-packages/airflow/operators/python.py", line 199, in execute
    return_value = self.execute_callable()
  File "/home/airflow/.local/lib/python3.8/site-packages/airflow/operators/python.py", line 216, in execute_callable
    return self.python_callable(*self.op_args, **self.op_kwargs)
  File "/opt/airflow/dags/step12345.py", line 276, in Run_data_quality_checks
    raise AirflowException("\n\n".join(errors_found))
NameError: name 'AirflowException' is not defined
[2025-07-24T19:13:11.961+0000] {taskinstance.py:1138} INFO - Marking task as FAILED. dag_id=tunestream_full_etl_dag, task_id=Run_data_quality_checks, execution_date=20250724T184657, start_date=20250724T191311, end_date=20250724T191311
[2025-07-24T19:13:11.973+0000] {standard_task_runner.py:107} ERROR - Failed to execute job 152 for task Run_data_quality_checks (name 'AirflowException' is not defined; 2613)
[2025-07-24T19:13:12.016+0000] {local_task_job_runner.py:234} INFO - Task exited with return code 1
[2025-07-24T19:13:12.045+0000] {taskinstance.py:3280} INFO - 0 downstream tasks scheduled from follow-on schedule check
