[2025-07-24T18:47:26.227+0000] {taskinstance.py:1956} INFO - Dependencies all met for dep_context=non-requeueable deps ti=<TaskInstance: tunestream_full_etl_dag.load_song_dim_table manual__2025-07-24T18:46:57.904001+00:00 [queued]>
[2025-07-24T18:47:26.287+0000] {taskinstance.py:1956} INFO - Dependencies all met for dep_context=requeueable deps ti=<TaskInstance: tunestream_full_etl_dag.load_song_dim_table manual__2025-07-24T18:46:57.904001+00:00 [queued]>
[2025-07-24T18:47:26.304+0000] {taskinstance.py:2170} INFO - Starting attempt 1 of 4
[2025-07-24T18:47:26.435+0000] {taskinstance.py:2191} INFO - Executing <Task(_PythonDecoratedOperator): load_song_dim_table> on 2025-07-24 18:46:57.904001+00:00
[2025-07-24T18:47:26.473+0000] {standard_task_runner.py:60} INFO - Started process 2112 to run task
[2025-07-24T18:47:26.536+0000] {standard_task_runner.py:87} INFO - Running: ['***', 'tasks', 'run', 'tunestream_full_etl_dag', 'load_song_dim_table', 'manual__2025-07-24T18:46:57.904001+00:00', '--job-id', '112', '--raw', '--subdir', 'DAGS_FOLDER/step12345.py', '--cfg-path', '/tmp/tmpkus075yn']
[2025-07-24T18:47:26.563+0000] {standard_task_runner.py:88} INFO - Job 112: Subtask load_song_dim_table
[2025-07-24T18:47:27.152+0000] {task_command.py:423} INFO - Running <TaskInstance: tunestream_full_etl_dag.load_song_dim_table manual__2025-07-24T18:46:57.904001+00:00 [running]> on host 737498b59352
[2025-07-24T18:47:29.435+0000] {taskinstance.py:2480} INFO - Exporting env vars: AIRFLOW_CTX_DAG_OWNER='***' AIRFLOW_CTX_DAG_ID='tunestream_full_etl_dag' AIRFLOW_CTX_TASK_ID='load_song_dim_table' AIRFLOW_CTX_EXECUTION_DATE='2025-07-24T18:46:57.904001+00:00' AIRFLOW_CTX_TRY_NUMBER='1' AIRFLOW_CTX_DAG_RUN_ID='manual__2025-07-24T18:46:57.904001+00:00'
[2025-07-24T18:47:29.582+0000] {logging_mixin.py:188} INFO - Executing transformation for table: songs
[2025-07-24T18:47:29.743+0000] {base.py:83} INFO - Using connection ID 'postgres_local' for task execution.
[2025-07-24T18:47:29.854+0000] {sql.py:450} INFO - Running statement: TRUNCATE TABLE songs; INSERT INTO songs 
        SELECT distinct song_id, title, artist_id, year, duration
        FROM staging_songs
        WHERE song_id IS NOT NULL
    , parameters: None
[2025-07-24T18:47:30.000+0000] {sql.py:459} INFO - Rows affected: 71
[2025-07-24T18:47:30.133+0000] {logging_mixin.py:188} INFO - Successfully loaded data into songs.
[2025-07-24T18:47:30.175+0000] {python.py:201} INFO - Done. Returned value was: None
[2025-07-24T18:47:30.294+0000] {taskinstance.py:1138} INFO - Marking task as SUCCESS. dag_id=tunestream_full_etl_dag, task_id=load_song_dim_table, execution_date=20250724T184657, start_date=20250724T184726, end_date=20250724T184730
[2025-07-24T18:47:30.579+0000] {local_task_job_runner.py:234} INFO - Task exited with return code 0
[2025-07-24T18:47:30.888+0000] {taskinstance.py:3280} INFO - 0 downstream tasks scheduled from follow-on schedule check
