[2025-07-24T17:47:21.890+0000] {taskinstance.py:1956} INFO - Dependencies all met for dep_context=non-requeueable deps ti=<TaskInstance: tunestream_full_etl_dag.stage_songs manual__2025-07-24T17:37:09.750368+00:00 [queued]>
[2025-07-24T17:47:21.914+0000] {taskinstance.py:1956} INFO - Dependencies all met for dep_context=requeueable deps ti=<TaskInstance: tunestream_full_etl_dag.stage_songs manual__2025-07-24T17:37:09.750368+00:00 [queued]>
[2025-07-24T17:47:21.915+0000] {taskinstance.py:2170} INFO - Starting attempt 3 of 4
[2025-07-24T17:47:21.951+0000] {taskinstance.py:2191} INFO - Executing <Task(_PythonDecoratedOperator): stage_songs> on 2025-07-24 17:37:09.750368+00:00
[2025-07-24T17:47:21.962+0000] {standard_task_runner.py:60} INFO - Started process 1075 to run task
[2025-07-24T17:47:21.972+0000] {standard_task_runner.py:87} INFO - Running: ['***', 'tasks', 'run', 'tunestream_full_etl_dag', 'stage_songs', 'manual__2025-07-24T17:37:09.750368+00:00', '--job-id', '68', '--raw', '--subdir', 'DAGS_FOLDER/step12345.py', '--cfg-path', '/tmp/tmpwd3uvtvd']
[2025-07-24T17:47:21.984+0000] {standard_task_runner.py:88} INFO - Job 68: Subtask stage_songs
[2025-07-24T17:47:22.097+0000] {task_command.py:423} INFO - Running <TaskInstance: tunestream_full_etl_dag.stage_songs manual__2025-07-24T17:37:09.750368+00:00 [running]> on host 737498b59352
[2025-07-24T17:47:22.328+0000] {taskinstance.py:2480} INFO - Exporting env vars: AIRFLOW_CTX_DAG_OWNER='***' AIRFLOW_CTX_DAG_ID='tunestream_full_etl_dag' AIRFLOW_CTX_TASK_ID='stage_songs' AIRFLOW_CTX_EXECUTION_DATE='2025-07-24T17:37:09.750368+00:00' AIRFLOW_CTX_TRY_NUMBER='3' AIRFLOW_CTX_DAG_RUN_ID='manual__2025-07-24T17:37:09.750368+00:00'
[2025-07-24T17:47:22.371+0000] {base.py:83} INFO - Using connection ID 'postgres_local' for task execution.
[2025-07-24T17:47:22.464+0000] {taskinstance.py:2698} ERROR - Task failed with exception
Traceback (most recent call last):
  File "/home/airflow/.local/lib/python3.8/site-packages/airflow/models/taskinstance.py", line 433, in _execute_task
    result = execute_callable(context=context, **execute_callable_kwargs)
  File "/home/airflow/.local/lib/python3.8/site-packages/airflow/decorators/base.py", line 241, in execute
    return_value = super().execute(context)
  File "/home/airflow/.local/lib/python3.8/site-packages/airflow/operators/python.py", line 199, in execute
    return_value = self.execute_callable()
  File "/home/airflow/.local/lib/python3.8/site-packages/airflow/operators/python.py", line 216, in execute_callable
    return self.python_callable(*self.op_args, **self.op_kwargs)
  File "/opt/airflow/dags/step12345.py", line 145, in stage_songs_task
    json_to_sql("postgres_local","staging_songs",SONG_DATA_PATH,song_columns)
  File "/opt/airflow/dags/step12345.py", line 73, in json_to_sql
    conn = postgres_hook.get_conn()
  File "/home/airflow/.local/lib/python3.8/site-packages/airflow/providers/postgres/hooks/postgres.py", line 158, in get_conn
    self.conn = psycopg2.connect(**conn_args)
  File "/home/airflow/.local/lib/python3.8/site-packages/psycopg2/__init__.py", line 122, in connect
    conn = _connect(dsn, connection_factory=connection_factory, **kwasync)
psycopg2.OperationalError: connection to server at "host.docker.internal" (192.168.65.254), port 5432 failed: FATAL:  password authentication failed for user "***"

[2025-07-24T17:47:22.486+0000] {taskinstance.py:1138} INFO - Marking task as UP_FOR_RETRY. dag_id=tunestream_full_etl_dag, task_id=stage_songs, execution_date=20250724T173709, start_date=20250724T174721, end_date=20250724T174722
[2025-07-24T17:47:22.512+0000] {standard_task_runner.py:107} ERROR - Failed to execute job 68 for task stage_songs (connection to server at "host.docker.internal" (192.168.65.254), port 5432 failed: FATAL:  password authentication failed for user "***"
; 1075)
[2025-07-24T17:47:22.568+0000] {local_task_job_runner.py:234} INFO - Task exited with return code 1
[2025-07-24T17:47:22.615+0000] {taskinstance.py:3280} INFO - 0 downstream tasks scheduled from follow-on schedule check
