[2025-07-24T19:12:41.239+0000] {taskinstance.py:1956} INFO - Dependencies all met for dep_context=non-requeueable deps ti=<TaskInstance: tunestream_full_etl_dag.Run_data_quality_checks manual__2025-07-24T19:12:14.958086+00:00 [queued]>
[2025-07-24T19:12:41.250+0000] {taskinstance.py:1956} INFO - Dependencies all met for dep_context=requeueable deps ti=<TaskInstance: tunestream_full_etl_dag.Run_data_quality_checks manual__2025-07-24T19:12:14.958086+00:00 [queued]>
[2025-07-24T19:12:41.250+0000] {taskinstance.py:2170} INFO - Starting attempt 1 of 4
[2025-07-24T19:12:41.265+0000] {taskinstance.py:2191} INFO - Executing <Task(_PythonDecoratedOperator): Run_data_quality_checks> on 2025-07-24 19:12:14.958086+00:00
[2025-07-24T19:12:41.273+0000] {standard_task_runner.py:60} INFO - Started process 2602 to run task
[2025-07-24T19:12:41.277+0000] {standard_task_runner.py:87} INFO - Running: ['***', 'tasks', 'run', 'tunestream_full_etl_dag', 'Run_data_quality_checks', 'manual__2025-07-24T19:12:14.958086+00:00', '--job-id', '151', '--raw', '--subdir', 'DAGS_FOLDER/step12345.py', '--cfg-path', '/tmp/tmpn6qfks92']
[2025-07-24T19:12:41.282+0000] {standard_task_runner.py:88} INFO - Job 151: Subtask Run_data_quality_checks
[2025-07-24T19:12:41.338+0000] {task_command.py:423} INFO - Running <TaskInstance: tunestream_full_etl_dag.Run_data_quality_checks manual__2025-07-24T19:12:14.958086+00:00 [running]> on host 737498b59352
[2025-07-24T19:12:41.413+0000] {taskinstance.py:2480} INFO - Exporting env vars: AIRFLOW_CTX_DAG_OWNER='***' AIRFLOW_CTX_DAG_ID='tunestream_full_etl_dag' AIRFLOW_CTX_TASK_ID='Run_data_quality_checks' AIRFLOW_CTX_EXECUTION_DATE='2025-07-24T19:12:14.958086+00:00' AIRFLOW_CTX_TRY_NUMBER='1' AIRFLOW_CTX_DAG_RUN_ID='manual__2025-07-24T19:12:14.958086+00:00'
[2025-07-24T19:12:41.415+0000] {logging_mixin.py:188} INFO - check: select COUNT(*) as null_rows from ***.artists where artistid is null or name is null or location is null or lattitude is null or longitude is null
[2025-07-24T19:12:41.424+0000] {base.py:83} INFO - Using connection ID 'postgres_local' for task execution.
[2025-07-24T19:12:41.429+0000] {sql.py:450} INFO - Running statement: select COUNT(*) as null_rows from ***.artists where artistid is null or name is null or location is null or lattitude is null or longitude is null, parameters: None
[2025-07-24T19:12:41.430+0000] {sql.py:459} INFO - Rows affected: 1
[2025-07-24T19:12:41.431+0000] {logging_mixin.py:188} INFO - check: SELECT COUNT(*) FROM songs WHERE songid IS NULL or title is null or artistid is null or year is null or duration is null 
[2025-07-24T19:12:41.444+0000] {base.py:83} INFO - Using connection ID 'postgres_local' for task execution.
[2025-07-24T19:12:41.449+0000] {sql.py:450} INFO - Running statement: SELECT COUNT(*) FROM songs WHERE songid IS NULL or title is null or artistid is null or year is null or duration is null , parameters: None
[2025-07-24T19:12:41.450+0000] {sql.py:459} INFO - Rows affected: 1
[2025-07-24T19:12:41.451+0000] {logging_mixin.py:188} INFO - check: select COUNT(*) as null_rows from ***.songplays where playid is null or start_time is null or userid is null or level is null or songid is null or artistid is null or sessionid is null or location is null or user_agent is null
[2025-07-24T19:12:41.457+0000] {base.py:83} INFO - Using connection ID 'postgres_local' for task execution.
[2025-07-24T19:12:41.463+0000] {sql.py:450} INFO - Running statement: select COUNT(*) as null_rows from ***.songplays where playid is null or start_time is null or userid is null or level is null or songid is null or artistid is null or sessionid is null or location is null or user_agent is null, parameters: None
[2025-07-24T19:12:41.466+0000] {sql.py:459} INFO - Rows affected: 1
[2025-07-24T19:12:41.467+0000] {logging_mixin.py:188} INFO - check: select count(*) as null_rows from ***."time" where start_time is null or hour is null or day is null or week is null or month is null or year is null or weekday is null
[2025-07-24T19:12:41.473+0000] {base.py:83} INFO - Using connection ID 'postgres_local' for task execution.
[2025-07-24T19:12:41.479+0000] {sql.py:450} INFO - Running statement: select count(*) as null_rows from ***."time" where start_time is null or hour is null or day is null or week is null or month is null or year is null or weekday is null, parameters: None
[2025-07-24T19:12:41.482+0000] {sql.py:459} INFO - Rows affected: 1
[2025-07-24T19:12:41.482+0000] {logging_mixin.py:188} INFO - check: select count(*) as null_rows from ***.users where userid is null or first_name is null or last_name is null or gender is null or level is null
[2025-07-24T19:12:41.488+0000] {base.py:83} INFO - Using connection ID 'postgres_local' for task execution.
[2025-07-24T19:12:41.493+0000] {sql.py:450} INFO - Running statement: select count(*) as null_rows from ***.users where userid is null or first_name is null or last_name is null or gender is null or level is null, parameters: None
[2025-07-24T19:12:41.495+0000] {sql.py:459} INFO - Rows affected: 1
[2025-07-24T19:12:41.495+0000] {logging_mixin.py:188} INFO - check: select COUNT(*) from (select userid, COUNT(*) from users group by userid having COUNT(*) > 1) as duplicates
[2025-07-24T19:12:41.501+0000] {base.py:83} INFO - Using connection ID 'postgres_local' for task execution.
[2025-07-24T19:12:41.506+0000] {sql.py:450} INFO - Running statement: select COUNT(*) from (select userid, COUNT(*) from users group by userid having COUNT(*) > 1) as duplicates, parameters: None
[2025-07-24T19:12:41.507+0000] {sql.py:459} INFO - Rows affected: 1
[2025-07-24T19:12:41.508+0000] {logging_mixin.py:188} INFO - check: select COUNT(*) from (select songid, COUNT(*) from songs group by songid having COUNT(*) > 1) as duplicates
[2025-07-24T19:12:41.515+0000] {base.py:83} INFO - Using connection ID 'postgres_local' for task execution.
[2025-07-24T19:12:41.519+0000] {sql.py:450} INFO - Running statement: select COUNT(*) from (select songid, COUNT(*) from songs group by songid having COUNT(*) > 1) as duplicates, parameters: None
[2025-07-24T19:12:41.521+0000] {sql.py:459} INFO - Rows affected: 1
[2025-07-24T19:12:41.522+0000] {logging_mixin.py:188} INFO - check: select COUNT(*) from (select artistid, COUNT(*) from artists group by artistid having COUNT(*) > 1) as duplicates
[2025-07-24T19:12:41.529+0000] {base.py:83} INFO - Using connection ID 'postgres_local' for task execution.
[2025-07-24T19:12:41.536+0000] {sql.py:450} INFO - Running statement: select COUNT(*) from (select artistid, COUNT(*) from artists group by artistid having COUNT(*) > 1) as duplicates, parameters: None
[2025-07-24T19:12:41.538+0000] {sql.py:459} INFO - Rows affected: 1
[2025-07-24T19:12:41.539+0000] {taskinstance.py:2698} ERROR - Task failed with exception
Traceback (most recent call last):
  File "/home/airflow/.local/lib/python3.8/site-packages/airflow/models/taskinstance.py", line 433, in _execute_task
    result = execute_callable(context=context, **execute_callable_kwargs)
  File "/home/airflow/.local/lib/python3.8/site-packages/airflow/decorators/base.py", line 241, in execute
    return_value = super().execute(context)
  File "/home/airflow/.local/lib/python3.8/site-packages/airflow/operators/python.py", line 199, in execute
    return_value = self.execute_callable()
  File "/home/airflow/.local/lib/python3.8/site-packages/airflow/operators/python.py", line 216, in execute_callable
    return self.python_callable(*self.op_args, **self.op_kwargs)
  File "/opt/airflow/dags/step12345.py", line 276, in Run_data_quality_checks
    raise AirflowException("\n\n".join(errors_found))
NameError: name 'AirflowException' is not defined
[2025-07-24T19:12:41.555+0000] {taskinstance.py:1138} INFO - Marking task as UP_FOR_RETRY. dag_id=tunestream_full_etl_dag, task_id=Run_data_quality_checks, execution_date=20250724T191214, start_date=20250724T191241, end_date=20250724T191241
[2025-07-24T19:12:41.568+0000] {standard_task_runner.py:107} ERROR - Failed to execute job 151 for task Run_data_quality_checks (name 'AirflowException' is not defined; 2602)
[2025-07-24T19:12:41.619+0000] {local_task_job_runner.py:234} INFO - Task exited with return code 1
[2025-07-24T19:12:41.645+0000] {taskinstance.py:3280} INFO - 0 downstream tasks scheduled from follow-on schedule check
