[2025-07-24T19:22:46.085+0000] {taskinstance.py:1956} INFO - Dependencies all met for dep_context=non-requeueable deps ti=<TaskInstance: tunestream_full_etl_dag.Run_data_quality_checks manual__2025-07-24T19:12:14.958086+00:00 [queued]>
[2025-07-24T19:22:46.095+0000] {taskinstance.py:1956} INFO - Dependencies all met for dep_context=requeueable deps ti=<TaskInstance: tunestream_full_etl_dag.Run_data_quality_checks manual__2025-07-24T19:12:14.958086+00:00 [queued]>
[2025-07-24T19:22:46.096+0000] {taskinstance.py:2170} INFO - Starting attempt 3 of 4
[2025-07-24T19:22:46.167+0000] {taskinstance.py:2191} INFO - Executing <Task(_PythonDecoratedOperator): Run_data_quality_checks> on 2025-07-24 19:12:14.958086+00:00
[2025-07-24T19:22:46.175+0000] {standard_task_runner.py:60} INFO - Started process 2779 to run task
[2025-07-24T19:22:46.179+0000] {standard_task_runner.py:87} INFO - Running: ['***', 'tasks', 'run', 'tunestream_full_etl_dag', 'Run_data_quality_checks', 'manual__2025-07-24T19:12:14.958086+00:00', '--job-id', '165', '--raw', '--subdir', 'DAGS_FOLDER/step12345.py', '--cfg-path', '/tmp/tmpkjgo8_ai']
[2025-07-24T19:22:46.182+0000] {standard_task_runner.py:88} INFO - Job 165: Subtask Run_data_quality_checks
[2025-07-24T19:22:46.241+0000] {task_command.py:423} INFO - Running <TaskInstance: tunestream_full_etl_dag.Run_data_quality_checks manual__2025-07-24T19:12:14.958086+00:00 [running]> on host 737498b59352
[2025-07-24T19:22:46.351+0000] {taskinstance.py:2480} INFO - Exporting env vars: AIRFLOW_CTX_DAG_OWNER='***' AIRFLOW_CTX_DAG_ID='tunestream_full_etl_dag' AIRFLOW_CTX_TASK_ID='Run_data_quality_checks' AIRFLOW_CTX_EXECUTION_DATE='2025-07-24T19:12:14.958086+00:00' AIRFLOW_CTX_TRY_NUMBER='3' AIRFLOW_CTX_DAG_RUN_ID='manual__2025-07-24T19:12:14.958086+00:00'
[2025-07-24T19:22:46.354+0000] {logging_mixin.py:188} INFO - check: select COUNT(*) as null_rows from ***.artists where artistid is null or name is null or location is null or lattitude is null or longitude is null
[2025-07-24T19:22:46.366+0000] {base.py:83} INFO - Using connection ID 'postgres_local' for task execution.
[2025-07-24T19:22:46.370+0000] {sql.py:450} INFO - Running statement: select COUNT(*) as null_rows from ***.artists where artistid is null or name is null or location is null or lattitude is null or longitude is null, parameters: None
[2025-07-24T19:22:46.371+0000] {sql.py:459} INFO - Rows affected: 1
[2025-07-24T19:22:46.373+0000] {logging_mixin.py:188} INFO - check: SELECT COUNT(*) FROM songs WHERE songid IS NULL or title is null or artistid is null or year is null or duration is null 
[2025-07-24T19:22:46.382+0000] {base.py:83} INFO - Using connection ID 'postgres_local' for task execution.
[2025-07-24T19:22:46.387+0000] {sql.py:450} INFO - Running statement: SELECT COUNT(*) FROM songs WHERE songid IS NULL or title is null or artistid is null or year is null or duration is null , parameters: None
[2025-07-24T19:22:46.390+0000] {sql.py:459} INFO - Rows affected: 1
[2025-07-24T19:22:46.391+0000] {logging_mixin.py:188} INFO - check: select COUNT(*) as null_rows from ***.songplays where playid is null or start_time is null or userid is null or level is null or songid is null or artistid is null or sessionid is null or location is null or user_agent is null
[2025-07-24T19:22:46.400+0000] {base.py:83} INFO - Using connection ID 'postgres_local' for task execution.
[2025-07-24T19:22:46.409+0000] {sql.py:450} INFO - Running statement: select COUNT(*) as null_rows from ***.songplays where playid is null or start_time is null or userid is null or level is null or songid is null or artistid is null or sessionid is null or location is null or user_agent is null, parameters: None
[2025-07-24T19:22:46.413+0000] {sql.py:459} INFO - Rows affected: 1
[2025-07-24T19:22:46.414+0000] {logging_mixin.py:188} INFO - check: select count(*) as null_rows from ***."time" where start_time is null or hour is null or day is null or week is null or month is null or year is null or weekday is null
[2025-07-24T19:22:46.433+0000] {base.py:83} INFO - Using connection ID 'postgres_local' for task execution.
[2025-07-24T19:22:46.441+0000] {sql.py:450} INFO - Running statement: select count(*) as null_rows from ***."time" where start_time is null or hour is null or day is null or week is null or month is null or year is null or weekday is null, parameters: None
[2025-07-24T19:22:46.443+0000] {sql.py:459} INFO - Rows affected: 1
[2025-07-24T19:22:46.444+0000] {logging_mixin.py:188} INFO - check: select count(*) as null_rows from ***.users where userid is null or first_name is null or last_name is null or gender is null or level is null
[2025-07-24T19:22:46.451+0000] {base.py:83} INFO - Using connection ID 'postgres_local' for task execution.
[2025-07-24T19:22:46.458+0000] {sql.py:450} INFO - Running statement: select count(*) as null_rows from ***.users where userid is null or first_name is null or last_name is null or gender is null or level is null, parameters: None
[2025-07-24T19:22:46.460+0000] {sql.py:459} INFO - Rows affected: 1
[2025-07-24T19:22:46.460+0000] {logging_mixin.py:188} INFO - check: select COUNT(*) from (select userid, COUNT(*) from users group by userid having COUNT(*) > 1) as duplicates
[2025-07-24T19:22:46.467+0000] {base.py:83} INFO - Using connection ID 'postgres_local' for task execution.
[2025-07-24T19:22:46.473+0000] {sql.py:450} INFO - Running statement: select COUNT(*) from (select userid, COUNT(*) from users group by userid having COUNT(*) > 1) as duplicates, parameters: None
[2025-07-24T19:22:46.475+0000] {sql.py:459} INFO - Rows affected: 1
[2025-07-24T19:22:46.476+0000] {logging_mixin.py:188} INFO - check: select COUNT(*) from (select songid, COUNT(*) from songs group by songid having COUNT(*) > 1) as duplicates
[2025-07-24T19:22:46.483+0000] {base.py:83} INFO - Using connection ID 'postgres_local' for task execution.
[2025-07-24T19:22:46.488+0000] {sql.py:450} INFO - Running statement: select COUNT(*) from (select songid, COUNT(*) from songs group by songid having COUNT(*) > 1) as duplicates, parameters: None
[2025-07-24T19:22:46.500+0000] {sql.py:459} INFO - Rows affected: 1
[2025-07-24T19:22:46.501+0000] {logging_mixin.py:188} INFO - check: select COUNT(*) from (select artistid, COUNT(*) from artists group by artistid having COUNT(*) > 1) as duplicates
[2025-07-24T19:22:46.508+0000] {base.py:83} INFO - Using connection ID 'postgres_local' for task execution.
[2025-07-24T19:22:46.514+0000] {sql.py:450} INFO - Running statement: select COUNT(*) from (select artistid, COUNT(*) from artists group by artistid having COUNT(*) > 1) as duplicates, parameters: None
[2025-07-24T19:22:46.515+0000] {sql.py:459} INFO - Rows affected: 1
[2025-07-24T19:22:46.516+0000] {logging_mixin.py:188} INFO - PROBLEMS FOUND, REFER TO ABOVE ERROR MESSAGES. REQUEST IMMEDIATE ATTENTION 😨😨😨😨😨😱😱🥵🥵🥵
[2025-07-24T19:22:46.516+0000] {python.py:201} INFO - Done. Returned value was: None
[2025-07-24T19:22:46.528+0000] {taskinstance.py:1138} INFO - Marking task as SUCCESS. dag_id=tunestream_full_etl_dag, task_id=Run_data_quality_checks, execution_date=20250724T191214, start_date=20250724T192246, end_date=20250724T192246
[2025-07-24T19:22:46.557+0000] {local_task_job_runner.py:234} INFO - Task exited with return code 0
[2025-07-24T19:22:46.598+0000] {taskinstance.py:3280} INFO - 0 downstream tasks scheduled from follow-on schedule check
