[2025-07-24T19:17:21.635+0000] {taskinstance.py:1956} INFO - Dependencies all met for dep_context=non-requeueable deps ti=<TaskInstance: tunestream_full_etl_dag.Load_time_dim_table manual__2025-07-24T19:16:59.317059+00:00 [queued]>
[2025-07-24T19:17:21.648+0000] {taskinstance.py:1956} INFO - Dependencies all met for dep_context=requeueable deps ti=<TaskInstance: tunestream_full_etl_dag.Load_time_dim_table manual__2025-07-24T19:16:59.317059+00:00 [queued]>
[2025-07-24T19:17:21.648+0000] {taskinstance.py:2170} INFO - Starting attempt 1 of 4
[2025-07-24T19:17:21.670+0000] {taskinstance.py:2191} INFO - Executing <Task(_PythonDecoratedOperator): Load_time_dim_table> on 2025-07-24 19:16:59.317059+00:00
[2025-07-24T19:17:21.681+0000] {standard_task_runner.py:60} INFO - Started process 2692 to run task
[2025-07-24T19:17:21.688+0000] {standard_task_runner.py:87} INFO - Running: ['***', 'tasks', 'run', 'tunestream_full_etl_dag', 'Load_time_dim_table', 'manual__2025-07-24T19:16:59.317059+00:00', '--job-id', '160', '--raw', '--subdir', 'DAGS_FOLDER/step12345.py', '--cfg-path', '/tmp/tmplp8qdjz3']
[2025-07-24T19:17:21.700+0000] {standard_task_runner.py:88} INFO - Job 160: Subtask Load_time_dim_table
[2025-07-24T19:17:21.879+0000] {task_command.py:423} INFO - Running <TaskInstance: tunestream_full_etl_dag.Load_time_dim_table manual__2025-07-24T19:16:59.317059+00:00 [running]> on host 737498b59352
[2025-07-24T19:17:21.979+0000] {taskinstance.py:2480} INFO - Exporting env vars: AIRFLOW_CTX_DAG_OWNER='***' AIRFLOW_CTX_DAG_ID='tunestream_full_etl_dag' AIRFLOW_CTX_TASK_ID='Load_time_dim_table' AIRFLOW_CTX_EXECUTION_DATE='2025-07-24T19:16:59.317059+00:00' AIRFLOW_CTX_TRY_NUMBER='1' AIRFLOW_CTX_DAG_RUN_ID='manual__2025-07-24T19:16:59.317059+00:00'
[2025-07-24T19:17:21.981+0000] {logging_mixin.py:188} INFO - Executing transformation for table: time
[2025-07-24T19:17:21.995+0000] {base.py:83} INFO - Using connection ID 'postgres_local' for task execution.
[2025-07-24T19:17:22.000+0000] {sql.py:450} INFO - Running statement: TRUNCATE TABLE time; INSERT INTO time 
        SELECT distinct start_time, extract(hour from start_time), extract(day from start_time), extract(week from start_time),
               extract(month from start_time), extract(year from start_time), extract(DOW from start_time)
        FROM songplays
    , parameters: None
[2025-07-24T19:17:22.090+0000] {sql.py:459} INFO - Rows affected: 6813
[2025-07-24T19:17:22.452+0000] {logging_mixin.py:188} INFO - Successfully loaded data into time.
[2025-07-24T19:17:22.453+0000] {python.py:201} INFO - Done. Returned value was: None
[2025-07-24T19:17:22.477+0000] {taskinstance.py:1138} INFO - Marking task as SUCCESS. dag_id=tunestream_full_etl_dag, task_id=Load_time_dim_table, execution_date=20250724T191659, start_date=20250724T191721, end_date=20250724T191722
[2025-07-24T19:17:22.553+0000] {local_task_job_runner.py:234} INFO - Task exited with return code 0
[2025-07-24T19:17:22.589+0000] {taskinstance.py:3280} INFO - 1 downstream tasks scheduled from follow-on schedule check
