[2025-07-24T17:41:52.473+0000] {taskinstance.py:1956} INFO - Dependencies all met for dep_context=non-requeueable deps ti=<TaskInstance: tunestream_full_etl_dag.stage_events manual__2025-07-24T17:31:31.521359+00:00 [queued]>
[2025-07-24T17:41:52.485+0000] {taskinstance.py:1956} INFO - Dependencies all met for dep_context=requeueable deps ti=<TaskInstance: tunestream_full_etl_dag.stage_events manual__2025-07-24T17:31:31.521359+00:00 [queued]>
[2025-07-24T17:41:52.486+0000] {taskinstance.py:2170} INFO - Starting attempt 3 of 4
[2025-07-24T17:41:52.504+0000] {taskinstance.py:2191} INFO - Executing <Task(_PythonDecoratedOperator): stage_events> on 2025-07-24 17:31:31.521359+00:00
[2025-07-24T17:41:52.512+0000] {standard_task_runner.py:60} INFO - Started process 969 to run task
[2025-07-24T17:41:52.524+0000] {standard_task_runner.py:87} INFO - Running: ['***', 'tasks', 'run', 'tunestream_full_etl_dag', 'stage_events', 'manual__2025-07-24T17:31:31.521359+00:00', '--job-id', '60', '--raw', '--subdir', 'DAGS_FOLDER/step12345.py', '--cfg-path', '/tmp/tmpn3yd9qab']
[2025-07-24T17:41:52.534+0000] {standard_task_runner.py:88} INFO - Job 60: Subtask stage_events
[2025-07-24T17:41:52.604+0000] {task_command.py:423} INFO - Running <TaskInstance: tunestream_full_etl_dag.stage_events manual__2025-07-24T17:31:31.521359+00:00 [running]> on host 737498b59352
[2025-07-24T17:41:52.698+0000] {taskinstance.py:2480} INFO - Exporting env vars: AIRFLOW_CTX_DAG_OWNER='***' AIRFLOW_CTX_DAG_ID='tunestream_full_etl_dag' AIRFLOW_CTX_TASK_ID='stage_events' AIRFLOW_CTX_EXECUTION_DATE='2025-07-24T17:31:31.521359+00:00' AIRFLOW_CTX_TRY_NUMBER='3' AIRFLOW_CTX_DAG_RUN_ID='manual__2025-07-24T17:31:31.521359+00:00'
[2025-07-24T17:41:52.711+0000] {base.py:83} INFO - Using connection ID 'postgres_local' for task execution.
[2025-07-24T17:41:52.782+0000] {taskinstance.py:2698} ERROR - Task failed with exception
Traceback (most recent call last):
  File "/home/airflow/.local/lib/python3.8/site-packages/airflow/models/taskinstance.py", line 433, in _execute_task
    result = execute_callable(context=context, **execute_callable_kwargs)
  File "/home/airflow/.local/lib/python3.8/site-packages/airflow/decorators/base.py", line 241, in execute
    return_value = super().execute(context)
  File "/home/airflow/.local/lib/python3.8/site-packages/airflow/operators/python.py", line 199, in execute
    return_value = self.execute_callable()
  File "/home/airflow/.local/lib/python3.8/site-packages/airflow/operators/python.py", line 216, in execute_callable
    return self.python_callable(*self.op_args, **self.op_kwargs)
  File "/opt/airflow/dags/step12345.py", line 150, in stage_events_task
    json_to_sql("postgres_local","staging_events",LOG_DATA_PATH,event_columns)
  File "/opt/airflow/dags/step12345.py", line 73, in json_to_sql
    conn = postgres_hook.get_conn()
  File "/home/airflow/.local/lib/python3.8/site-packages/airflow/providers/postgres/hooks/postgres.py", line 158, in get_conn
    self.conn = psycopg2.connect(**conn_args)
  File "/home/airflow/.local/lib/python3.8/site-packages/psycopg2/__init__.py", line 122, in connect
    conn = _connect(dsn, connection_factory=connection_factory, **kwasync)
psycopg2.OperationalError: connection to server at "host.docker.internal" (192.168.65.254), port 5432 failed: FATAL:  password authentication failed for user "***"

[2025-07-24T17:41:52.795+0000] {taskinstance.py:1138} INFO - Marking task as UP_FOR_RETRY. dag_id=tunestream_full_etl_dag, task_id=stage_events, execution_date=20250724T173131, start_date=20250724T174152, end_date=20250724T174152
[2025-07-24T17:41:52.805+0000] {standard_task_runner.py:107} ERROR - Failed to execute job 60 for task stage_events (connection to server at "host.docker.internal" (192.168.65.254), port 5432 failed: FATAL:  password authentication failed for user "***"
; 969)
[2025-07-24T17:41:52.816+0000] {local_task_job_runner.py:234} INFO - Task exited with return code 1
[2025-07-24T17:41:52.843+0000] {taskinstance.py:3280} INFO - 0 downstream tasks scheduled from follow-on schedule check
