[2025-07-24T18:40:28.558+0000] {taskinstance.py:1956} INFO - Dependencies all met for dep_context=non-requeueable deps ti=<TaskInstance: tunestream_full_etl_dag.load_song_dim_table manual__2025-07-24T18:40:08.391579+00:00 [queued]>
[2025-07-24T18:40:28.747+0000] {taskinstance.py:1956} INFO - Dependencies all met for dep_context=requeueable deps ti=<TaskInstance: tunestream_full_etl_dag.load_song_dim_table manual__2025-07-24T18:40:08.391579+00:00 [queued]>
[2025-07-24T18:40:28.755+0000] {taskinstance.py:2170} INFO - Starting attempt 1 of 4
[2025-07-24T18:40:28.819+0000] {taskinstance.py:2191} INFO - Executing <Task(_PythonDecoratedOperator): load_song_dim_table> on 2025-07-24 18:40:08.391579+00:00
[2025-07-24T18:40:28.869+0000] {standard_task_runner.py:60} INFO - Started process 1986 to run task
[2025-07-24T18:40:30.427+0000] {standard_task_runner.py:87} INFO - Running: ['***', 'tasks', 'run', 'tunestream_full_etl_dag', 'load_song_dim_table', 'manual__2025-07-24T18:40:08.391579+00:00', '--job-id', '104', '--raw', '--subdir', 'DAGS_FOLDER/step12345.py', '--cfg-path', '/tmp/tmpd8iz3zoi']
[2025-07-24T18:40:30.478+0000] {standard_task_runner.py:88} INFO - Job 104: Subtask load_song_dim_table
[2025-07-24T18:40:31.765+0000] {task_command.py:423} INFO - Running <TaskInstance: tunestream_full_etl_dag.load_song_dim_table manual__2025-07-24T18:40:08.391579+00:00 [running]> on host 737498b59352
[2025-07-24T18:40:32.210+0000] {taskinstance.py:2480} INFO - Exporting env vars: AIRFLOW_CTX_DAG_OWNER='***' AIRFLOW_CTX_DAG_ID='tunestream_full_etl_dag' AIRFLOW_CTX_TASK_ID='load_song_dim_table' AIRFLOW_CTX_EXECUTION_DATE='2025-07-24T18:40:08.391579+00:00' AIRFLOW_CTX_TRY_NUMBER='1' AIRFLOW_CTX_DAG_RUN_ID='manual__2025-07-24T18:40:08.391579+00:00'
[2025-07-24T18:40:32.214+0000] {logging_mixin.py:188} INFO - Executing transformation for table: songs
[2025-07-24T18:40:32.288+0000] {base.py:83} INFO - Using connection ID 'postgres_local' for task execution.
[2025-07-24T18:40:32.297+0000] {sql.py:450} INFO - Running statement: TRUNCATE TABLE songs; INSERT INTO songs 
        SELECT distinct song_id, title, artist_id, year, duration
        FROM staging_songs
        WHERE song_id IS NOT NULL
    , parameters: None
[2025-07-24T18:40:32.325+0000] {sql.py:459} INFO - Rows affected: 71
[2025-07-24T18:40:32.338+0000] {logging_mixin.py:188} INFO - Successfully loaded data into songs.
[2025-07-24T18:40:32.340+0000] {python.py:201} INFO - Done. Returned value was: None
[2025-07-24T18:40:32.358+0000] {taskinstance.py:1138} INFO - Marking task as SUCCESS. dag_id=tunestream_full_etl_dag, task_id=load_song_dim_table, execution_date=20250724T184008, start_date=20250724T184028, end_date=20250724T184032
[2025-07-24T18:40:32.491+0000] {local_task_job_runner.py:234} INFO - Task exited with return code 0
[2025-07-24T18:40:32.600+0000] {taskinstance.py:3280} INFO - 0 downstream tasks scheduled from follow-on schedule check
