[2025-07-24T19:11:07.269+0000] {taskinstance.py:1956} INFO - Dependencies all met for dep_context=non-requeueable deps ti=<TaskInstance: tunestream_full_etl_dag.Load_artist_dim_table manual__2025-07-24T19:10:32.960006+00:00 [queued]>
[2025-07-24T19:11:07.298+0000] {taskinstance.py:1956} INFO - Dependencies all met for dep_context=requeueable deps ti=<TaskInstance: tunestream_full_etl_dag.Load_artist_dim_table manual__2025-07-24T19:10:32.960006+00:00 [queued]>
[2025-07-24T19:11:07.308+0000] {taskinstance.py:2170} INFO - Starting attempt 1 of 4
[2025-07-24T19:11:07.332+0000] {taskinstance.py:2191} INFO - Executing <Task(_PythonDecoratedOperator): Load_artist_dim_table> on 2025-07-24 19:10:32.960006+00:00
[2025-07-24T19:11:07.341+0000] {standard_task_runner.py:60} INFO - Started process 2548 to run task
[2025-07-24T19:11:07.352+0000] {standard_task_runner.py:87} INFO - Running: ['***', 'tasks', 'run', 'tunestream_full_etl_dag', 'Load_artist_dim_table', 'manual__2025-07-24T19:10:32.960006+00:00', '--job-id', '140', '--raw', '--subdir', 'DAGS_FOLDER/step12345.py', '--cfg-path', '/tmp/tmpa5r04pjg']
[2025-07-24T19:11:07.357+0000] {standard_task_runner.py:88} INFO - Job 140: Subtask Load_artist_dim_table
[2025-07-24T19:11:07.495+0000] {task_command.py:423} INFO - Running <TaskInstance: tunestream_full_etl_dag.Load_artist_dim_table manual__2025-07-24T19:10:32.960006+00:00 [running]> on host 737498b59352
[2025-07-24T19:11:07.674+0000] {taskinstance.py:2480} INFO - Exporting env vars: AIRFLOW_CTX_DAG_OWNER='***' AIRFLOW_CTX_DAG_ID='tunestream_full_etl_dag' AIRFLOW_CTX_TASK_ID='Load_artist_dim_table' AIRFLOW_CTX_EXECUTION_DATE='2025-07-24T19:10:32.960006+00:00' AIRFLOW_CTX_TRY_NUMBER='1' AIRFLOW_CTX_DAG_RUN_ID='manual__2025-07-24T19:10:32.960006+00:00'
[2025-07-24T19:11:07.678+0000] {logging_mixin.py:188} INFO - Executing transformation for table: artists
[2025-07-24T19:11:07.699+0000] {base.py:83} INFO - Using connection ID 'postgres_local' for task execution.
[2025-07-24T19:11:07.740+0000] {sql.py:450} INFO - Running statement: TRUNCATE TABLE artists; INSERT INTO artists 
        SELECT distinct artist_id, artist_name, artist_location, artist_latitude, artist_longitude
        FROM staging_songs
        WHERE artist_id IS NOT NULL
    , parameters: None
[2025-07-24T19:11:07.757+0000] {sql.py:459} INFO - Rows affected: 69
[2025-07-24T19:11:07.764+0000] {logging_mixin.py:188} INFO - Successfully loaded data into artists.
[2025-07-24T19:11:07.765+0000] {python.py:201} INFO - Done. Returned value was: None
[2025-07-24T19:11:07.796+0000] {taskinstance.py:1138} INFO - Marking task as SUCCESS. dag_id=tunestream_full_etl_dag, task_id=Load_artist_dim_table, execution_date=20250724T191032, start_date=20250724T191107, end_date=20250724T191107
[2025-07-24T19:11:07.868+0000] {local_task_job_runner.py:234} INFO - Task exited with return code 0
[2025-07-24T19:11:07.901+0000] {taskinstance.py:3280} INFO - 1 downstream tasks scheduled from follow-on schedule check
