[2025-07-24T19:10:56.448+0000] {taskinstance.py:1956} INFO - Dependencies all met for dep_context=non-requeueable deps ti=<TaskInstance: tunestream_full_etl_dag.load_song_dim_table manual__2025-07-24T19:10:32.960006+00:00 [queued]>
[2025-07-24T19:10:56.515+0000] {taskinstance.py:1956} INFO - Dependencies all met for dep_context=requeueable deps ti=<TaskInstance: tunestream_full_etl_dag.load_song_dim_table manual__2025-07-24T19:10:32.960006+00:00 [queued]>
[2025-07-24T19:10:56.525+0000] {taskinstance.py:2170} INFO - Starting attempt 1 of 4
[2025-07-24T19:10:57.030+0000] {taskinstance.py:2191} INFO - Executing <Task(_PythonDecoratedOperator): load_song_dim_table> on 2025-07-24 19:10:32.960006+00:00
[2025-07-24T19:10:57.112+0000] {standard_task_runner.py:60} INFO - Started process 2543 to run task
[2025-07-24T19:10:57.146+0000] {standard_task_runner.py:87} INFO - Running: ['***', 'tasks', 'run', 'tunestream_full_etl_dag', 'load_song_dim_table', 'manual__2025-07-24T19:10:32.960006+00:00', '--job-id', '138', '--raw', '--subdir', 'DAGS_FOLDER/step12345.py', '--cfg-path', '/tmp/tmpd9jytd72']
[2025-07-24T19:10:57.199+0000] {standard_task_runner.py:88} INFO - Job 138: Subtask load_song_dim_table
[2025-07-24T19:10:57.535+0000] {task_command.py:423} INFO - Running <TaskInstance: tunestream_full_etl_dag.load_song_dim_table manual__2025-07-24T19:10:32.960006+00:00 [running]> on host 737498b59352
[2025-07-24T19:10:58.682+0000] {taskinstance.py:2480} INFO - Exporting env vars: AIRFLOW_CTX_DAG_OWNER='***' AIRFLOW_CTX_DAG_ID='tunestream_full_etl_dag' AIRFLOW_CTX_TASK_ID='load_song_dim_table' AIRFLOW_CTX_EXECUTION_DATE='2025-07-24T19:10:32.960006+00:00' AIRFLOW_CTX_TRY_NUMBER='1' AIRFLOW_CTX_DAG_RUN_ID='manual__2025-07-24T19:10:32.960006+00:00'
[2025-07-24T19:10:58.730+0000] {logging_mixin.py:188} INFO - Executing transformation for table: songs
[2025-07-24T19:10:58.787+0000] {base.py:83} INFO - Using connection ID 'postgres_local' for task execution.
[2025-07-24T19:10:58.961+0000] {sql.py:450} INFO - Running statement: TRUNCATE TABLE songs; INSERT INTO songs 
        SELECT distinct song_id, title, artist_id, year, duration
        FROM staging_songs
        WHERE song_id IS NOT NULL
    , parameters: None
[2025-07-24T19:10:59.060+0000] {sql.py:459} INFO - Rows affected: 71
[2025-07-24T19:10:59.121+0000] {logging_mixin.py:188} INFO - Successfully loaded data into songs.
[2025-07-24T19:10:59.122+0000] {python.py:201} INFO - Done. Returned value was: None
[2025-07-24T19:10:59.205+0000] {taskinstance.py:1138} INFO - Marking task as SUCCESS. dag_id=tunestream_full_etl_dag, task_id=load_song_dim_table, execution_date=20250724T191032, start_date=20250724T191056, end_date=20250724T191059
[2025-07-24T19:10:59.404+0000] {local_task_job_runner.py:234} INFO - Task exited with return code 0
[2025-07-24T19:10:59.532+0000] {taskinstance.py:3280} INFO - 0 downstream tasks scheduled from follow-on schedule check
