[2025-07-24T17:17:55.257+0000] {taskinstance.py:1956} INFO - Dependencies all met for dep_context=non-requeueable deps ti=<TaskInstance: tunestream_full_etl_dag.stage_songs manual__2025-07-24T17:07:37.554738+00:00 [queued]>
[2025-07-24T17:17:55.267+0000] {taskinstance.py:1956} INFO - Dependencies all met for dep_context=requeueable deps ti=<TaskInstance: tunestream_full_etl_dag.stage_songs manual__2025-07-24T17:07:37.554738+00:00 [queued]>
[2025-07-24T17:17:55.268+0000] {taskinstance.py:2170} INFO - Starting attempt 3 of 4
[2025-07-24T17:17:55.285+0000] {taskinstance.py:2191} INFO - Executing <Task(_PythonDecoratedOperator): stage_songs> on 2025-07-24 17:07:37.554738+00:00
[2025-07-24T17:17:55.293+0000] {standard_task_runner.py:60} INFO - Started process 567 to run task
[2025-07-24T17:17:55.300+0000] {standard_task_runner.py:87} INFO - Running: ['***', 'tasks', 'run', 'tunestream_full_etl_dag', 'stage_songs', 'manual__2025-07-24T17:07:37.554738+00:00', '--job-id', '43', '--raw', '--subdir', 'DAGS_FOLDER/step12345.py', '--cfg-path', '/tmp/tmpr0sdhxc1']
[2025-07-24T17:17:55.304+0000] {standard_task_runner.py:88} INFO - Job 43: Subtask stage_songs
[2025-07-24T17:17:55.385+0000] {task_command.py:423} INFO - Running <TaskInstance: tunestream_full_etl_dag.stage_songs manual__2025-07-24T17:07:37.554738+00:00 [running]> on host 737498b59352
[2025-07-24T17:17:55.515+0000] {taskinstance.py:2480} INFO - Exporting env vars: AIRFLOW_CTX_DAG_OWNER='***' AIRFLOW_CTX_DAG_ID='tunestream_full_etl_dag' AIRFLOW_CTX_TASK_ID='stage_songs' AIRFLOW_CTX_EXECUTION_DATE='2025-07-24T17:07:37.554738+00:00' AIRFLOW_CTX_TRY_NUMBER='3' AIRFLOW_CTX_DAG_RUN_ID='manual__2025-07-24T17:07:37.554738+00:00'
[2025-07-24T17:17:55.565+0000] {taskinstance.py:2698} ERROR - Task failed with exception
Traceback (most recent call last):
  File "/home/airflow/.local/lib/python3.8/site-packages/airflow/models/taskinstance.py", line 433, in _execute_task
    result = execute_callable(context=context, **execute_callable_kwargs)
  File "/home/airflow/.local/lib/python3.8/site-packages/airflow/decorators/base.py", line 241, in execute
    return_value = super().execute(context)
  File "/home/airflow/.local/lib/python3.8/site-packages/airflow/operators/python.py", line 199, in execute
    return_value = self.execute_callable()
  File "/home/airflow/.local/lib/python3.8/site-packages/airflow/operators/python.py", line 216, in execute_callable
    return self.python_callable(*self.op_args, **self.op_kwargs)
  File "/opt/airflow/dags/step12345.py", line 145, in stage_songs_task
    json_to_sql("postgres_local","staging_songs",SONG_DATA_PATH,song_columns)
  File "/opt/airflow/dags/step12345.py", line 73, in json_to_sql
    conn = postgres_hook.get_conn()
  File "/home/airflow/.local/lib/python3.8/site-packages/airflow/providers/postgres/hooks/postgres.py", line 128, in get_conn
    conn = deepcopy(self.connection or self.get_connection(conn_id))
  File "/home/airflow/.local/lib/python3.8/site-packages/airflow/hooks/base.py", line 82, in get_connection
    conn = Connection.get_connection_from_secrets(conn_id)
  File "/home/airflow/.local/lib/python3.8/site-packages/airflow/models/connection.py", line 479, in get_connection_from_secrets
    raise AirflowNotFoundException(f"The conn_id `{conn_id}` isn't defined")
airflow.exceptions.AirflowNotFoundException: The conn_id `postgres_local` isn't defined
[2025-07-24T17:17:55.574+0000] {taskinstance.py:1138} INFO - Marking task as UP_FOR_RETRY. dag_id=tunestream_full_etl_dag, task_id=stage_songs, execution_date=20250724T170737, start_date=20250724T171755, end_date=20250724T171755
[2025-07-24T17:17:55.593+0000] {standard_task_runner.py:107} ERROR - Failed to execute job 43 for task stage_songs (The conn_id `postgres_local` isn't defined; 567)
[2025-07-24T17:17:55.633+0000] {local_task_job_runner.py:234} INFO - Task exited with return code 1
[2025-07-24T17:17:55.665+0000] {taskinstance.py:3280} INFO - 0 downstream tasks scheduled from follow-on schedule check
