[2025-07-24T18:19:42.975+0000] {taskinstance.py:1956} INFO - Dependencies all met for dep_context=non-requeueable deps ti=<TaskInstance: tunestream_full_etl_dag.Load_artist_dim_table manual__2025-07-24T18:04:15.387612+00:00 [queued]>
[2025-07-24T18:19:42.611+0000] {taskinstance.py:1956} INFO - Dependencies all met for dep_context=requeueable deps ti=<TaskInstance: tunestream_full_etl_dag.Load_artist_dim_table manual__2025-07-24T18:04:15.387612+00:00 [queued]>
[2025-07-24T18:19:42.614+0000] {taskinstance.py:2170} INFO - Starting attempt 1 of 4
[2025-07-24T18:19:42.678+0000] {taskinstance.py:2191} INFO - Executing <Task(_PythonDecoratedOperator): Load_artist_dim_table> on 2025-07-24 18:04:15.387612+00:00
[2025-07-24T18:19:42.730+0000] {standard_task_runner.py:60} INFO - Started process 1613 to run task
[2025-07-24T18:19:42.780+0000] {standard_task_runner.py:87} INFO - Running: ['***', 'tasks', 'run', 'tunestream_full_etl_dag', 'Load_artist_dim_table', 'manual__2025-07-24T18:04:15.387612+00:00', '--job-id', '84', '--raw', '--subdir', 'DAGS_FOLDER/step12345.py', '--cfg-path', '/tmp/tmp7yqcslyf']
[2025-07-24T18:19:42.858+0000] {standard_task_runner.py:88} INFO - Job 84: Subtask Load_artist_dim_table
[2025-07-24T18:19:44.141+0000] {task_command.py:423} INFO - Running <TaskInstance: tunestream_full_etl_dag.Load_artist_dim_table manual__2025-07-24T18:04:15.387612+00:00 [running]> on host 737498b59352
[2025-07-24T18:19:45.167+0000] {taskinstance.py:2480} INFO - Exporting env vars: AIRFLOW_CTX_DAG_OWNER='***' AIRFLOW_CTX_DAG_ID='tunestream_full_etl_dag' AIRFLOW_CTX_TASK_ID='Load_artist_dim_table' AIRFLOW_CTX_EXECUTION_DATE='2025-07-24T18:04:15.387612+00:00' AIRFLOW_CTX_TRY_NUMBER='1' AIRFLOW_CTX_DAG_RUN_ID='manual__2025-07-24T18:04:15.387612+00:00'
[2025-07-24T18:19:45.189+0000] {logging_mixin.py:188} INFO - Executing transformation for table: artists
[2025-07-24T18:19:45.364+0000] {base.py:83} INFO - Using connection ID 'postgres_local' for task execution.
[2025-07-24T18:19:45.455+0000] {sql.py:450} INFO - Running statement: TRUNCATE TABLE artists; INSERT INTO artists 
        SELECT distinct artist_id, artist_name, artist_location, artist_latitude, artist_longitude
        FROM staging_songs
        WHERE artist_id IS NOT NULL
    , parameters: None
[2025-07-24T18:19:45.507+0000] {sql.py:459} INFO - Rows affected: 69
[2025-07-24T18:19:45.518+0000] {logging_mixin.py:188} INFO - Successfully loaded data into artists.
[2025-07-24T18:19:45.527+0000] {python.py:201} INFO - Done. Returned value was: None
[2025-07-24T18:19:45.708+0000] {taskinstance.py:1138} INFO - Marking task as SUCCESS. dag_id=tunestream_full_etl_dag, task_id=Load_artist_dim_table, execution_date=20250724T180415, start_date=20250724T181942, end_date=20250724T181945
[2025-07-24T18:19:45.817+0000] {local_task_job_runner.py:234} INFO - Task exited with return code 0
[2025-07-24T18:19:45.933+0000] {taskinstance.py:3280} INFO - 0 downstream tasks scheduled from follow-on schedule check
