[2025-07-24T18:40:36.835+0000] {taskinstance.py:1956} INFO - Dependencies all met for dep_context=non-requeueable deps ti=<TaskInstance: tunestream_full_etl_dag.Load_artist_dim_table manual__2025-07-24T18:40:08.391579+00:00 [queued]>
[2025-07-24T18:40:36.851+0000] {taskinstance.py:1956} INFO - Dependencies all met for dep_context=requeueable deps ti=<TaskInstance: tunestream_full_etl_dag.Load_artist_dim_table manual__2025-07-24T18:40:08.391579+00:00 [queued]>
[2025-07-24T18:40:36.852+0000] {taskinstance.py:2170} INFO - Starting attempt 1 of 4
[2025-07-24T18:40:36.871+0000] {taskinstance.py:2191} INFO - Executing <Task(_PythonDecoratedOperator): Load_artist_dim_table> on 2025-07-24 18:40:08.391579+00:00
[2025-07-24T18:40:36.882+0000] {standard_task_runner.py:60} INFO - Started process 1990 to run task
[2025-07-24T18:40:36.896+0000] {standard_task_runner.py:87} INFO - Running: ['***', 'tasks', 'run', 'tunestream_full_etl_dag', 'Load_artist_dim_table', 'manual__2025-07-24T18:40:08.391579+00:00', '--job-id', '106', '--raw', '--subdir', 'DAGS_FOLDER/step12345.py', '--cfg-path', '/tmp/tmp41whnove']
[2025-07-24T18:40:36.901+0000] {standard_task_runner.py:88} INFO - Job 106: Subtask Load_artist_dim_table
[2025-07-24T18:40:36.981+0000] {task_command.py:423} INFO - Running <TaskInstance: tunestream_full_etl_dag.Load_artist_dim_table manual__2025-07-24T18:40:08.391579+00:00 [running]> on host 737498b59352
[2025-07-24T18:40:37.095+0000] {taskinstance.py:2480} INFO - Exporting env vars: AIRFLOW_CTX_DAG_OWNER='***' AIRFLOW_CTX_DAG_ID='tunestream_full_etl_dag' AIRFLOW_CTX_TASK_ID='Load_artist_dim_table' AIRFLOW_CTX_EXECUTION_DATE='2025-07-24T18:40:08.391579+00:00' AIRFLOW_CTX_TRY_NUMBER='1' AIRFLOW_CTX_DAG_RUN_ID='manual__2025-07-24T18:40:08.391579+00:00'
[2025-07-24T18:40:37.100+0000] {logging_mixin.py:188} INFO - Executing transformation for table: artists
[2025-07-24T18:40:37.121+0000] {base.py:83} INFO - Using connection ID 'postgres_local' for task execution.
[2025-07-24T18:40:37.141+0000] {sql.py:450} INFO - Running statement: TRUNCATE TABLE artists; INSERT INTO artists 
        SELECT distinct artist_id, artist_name, artist_location, artist_latitude, artist_longitude
        FROM staging_songs
        WHERE artist_id IS NOT NULL
    , parameters: None
[2025-07-24T18:40:37.165+0000] {sql.py:459} INFO - Rows affected: 69
[2025-07-24T18:40:37.169+0000] {logging_mixin.py:188} INFO - Successfully loaded data into artists.
[2025-07-24T18:40:37.170+0000] {python.py:201} INFO - Done. Returned value was: None
[2025-07-24T18:40:37.232+0000] {taskinstance.py:1138} INFO - Marking task as SUCCESS. dag_id=tunestream_full_etl_dag, task_id=Load_artist_dim_table, execution_date=20250724T184008, start_date=20250724T184036, end_date=20250724T184037
[2025-07-24T18:40:37.315+0000] {local_task_job_runner.py:234} INFO - Task exited with return code 0
[2025-07-24T18:40:37.379+0000] {taskinstance.py:3280} INFO - 0 downstream tasks scheduled from follow-on schedule check
